[Sep 11 23:57:00] Running TensorQTL: cis-QTL mapping
  * WARNING: using CPU!
  * reading phenotypes (../results/05TENSORQTL/prep_input/MG_bryois.bed.gz)
  * cis-window detected as position ± 500,000
  * reading covariates (../results/05TENSORQTL/prep_input/MG_bryois_genPC_4_expPC_30_split_covariates.txt)
  * loading genotypes
cis-QTL mapping: empirical p-values for phenotypes
  * 133 samples
  * 17095 phenotypes
  * 36 covariates
  * 5794957 variants
  * cis-window: ±500,000
  * computing permutations
  Time elapsed: 106.04 min
done.
  * writing output
Computing q-values
  * Number of phenotypes tested: 16973
  * Correlation between Beta-approximated and empirical p-values: 0.9998
  * Proportion of significant phenotypes (1-pi0): 0.02
  * QTL phenotypes @ FDR 0.05: 78
  * min p-value threshold @ FDR 0.05: 0.000245676
[Sep 12 01:43:29] Finished mapping
