[Sep 12 12:54:03] Running TensorQTL: cis-QTL mapping
  * WARNING: using CPU!
  * reading phenotypes (../results/05TENSORQTL/prep_input/Endo-Peri_bryois.bed.gz)
  * cis-window detected as position ± 500,000
  * reading covariates (../results/05TENSORQTL/prep_input/Endo-Peri_bryois_genPC_4_expPC_20_split_covariates.txt)
  * loading genotypes
cis-QTL mapping: empirical p-values for phenotypes
  * 133 samples
  * 17484 phenotypes
  * 26 covariates
  * 5794957 variants
  * cis-window: ±500,000
  * computing permutations
  Time elapsed: 108.35 min
done.
  * writing output
Computing q-values
  * Number of phenotypes tested: 17361
  * Correlation between Beta-approximated and empirical p-values: 0.9999
  * Proportion of significant phenotypes (1-pi0): 0.11
  * QTL phenotypes @ FDR 0.05: 121
  * min p-value threshold @ FDR 0.05: 0.000399885
[Sep 12 14:42:49] Finished mapping
