[Sep 12 14:20:59] Running TensorQTL: cis-QTL mapping
  * WARNING: using CPU!
  * reading phenotypes (../results/05TENSORQTL/prep_input/Endo-Peri_quantile.bed.gz)
  * cis-window detected as position ± 500,000
  * reading covariates (../results/05TENSORQTL/prep_input/Endo-Peri_quantile_genPC_4_expPC_10_split_covariates.txt)
  * loading genotypes
cis-QTL mapping: empirical p-values for phenotypes
  * 133 samples
  * 19812 phenotypes
  * 16 covariates
  * 5794957 variants
  * cis-window: ±500,000
  * computing permutations
  Time elapsed: 122.73 min
done.
  * writing output
Computing q-values
  * Number of phenotypes tested: 19663
  * Correlation between Beta-approximated and empirical p-values: 0.9999
  * Proportion of significant phenotypes (1-pi0): 0.07
  * QTL phenotypes @ FDR 0.05: 100
  * min p-value threshold @ FDR 0.05: 0.000276029
[Sep 12 16:24:05] Finished mapping
