[Sep 12 03:43:00] Running TensorQTL: cis-QTL mapping
  * WARNING: using CPU!
  * reading phenotypes (../results/05TENSORQTL/prep_input/RG_xue.bed.gz)
  * cis-window detected as position ± 500,000
  * reading covariates (../results/05TENSORQTL/prep_input/RG_xue_genPC_4_expPC_30_split_covariates.txt)
  * loading genotypes
cis-QTL mapping: empirical p-values for phenotypes
  * 133 samples
  * 13001 phenotypes
  * 36 covariates
  * 5794957 variants
  * cis-window: ±500,000
  * computing permutations
  Time elapsed: 76.29 min
done.
  * writing output
Computing q-values
  * Number of phenotypes tested: 12878
  * Correlation between Beta-approximated and empirical p-values: 0.9999
  * Proportion of significant phenotypes (1-pi0): 0.27
  * QTL phenotypes @ FDR 0.05: 1217
  * min p-value threshold @ FDR 0.05: 0.00651355
[Sep 12 04:59:41] Finished mapping
