[Sep 12 11:06:47] Running TensorQTL: cis-QTL mapping
  * WARNING: using CPU!
  * reading phenotypes (../results/05TENSORQTL/prep_input/ExN-DL_xue.bed.gz)
  * cis-window detected as position ± 500,000
  * reading covariates (../results/05TENSORQTL/prep_input/ExN-DL_xue_genPC_4_expPC_50_split_covariates.txt)
  * loading genotypes
cis-QTL mapping: empirical p-values for phenotypes
  * 133 samples
  * 12859 phenotypes
  * 56 covariates
  * 5794957 variants
  * cis-window: ±500,000
  * computing permutations
  Time elapsed: 79.47 min
done.
  * writing output
Computing q-values
  * Number of phenotypes tested: 12733
  * Correlation between Beta-approximated and empirical p-values: 0.9999
  * Proportion of significant phenotypes (1-pi0): 0.38
  * QTL phenotypes @ FDR 0.05: 1336
  * min p-value threshold @ FDR 0.05: 0.00852314
[Sep 12 12:26:41] Finished mapping
