[Sep 11 15:50:29] Running TensorQTL: cis-QTL mapping
  * WARNING: using CPU!
  * reading phenotypes (../results/05TENSORQTL/prep_input/ExN-DL_quantile.bed.gz)
  * cis-window detected as position ± 500,000
  * reading covariates (../results/05TENSORQTL/prep_input/ExN-DL_quantile_genPC_4_expPC_30_split_covariates.txt)
  * loading genotypes
cis-QTL mapping: empirical p-values for phenotypes
  * 133 samples
  * 18140 phenotypes
  * 36 covariates
  * 5794957 variants
  * cis-window: ±500,000
  * computing permutations
  Time elapsed: 106.03 min
done.
  * writing output
Computing q-values
  * Number of phenotypes tested: 18002
  * Correlation between Beta-approximated and empirical p-values: 0.9999
  * Proportion of significant phenotypes (1-pi0): 0.41
  * QTL phenotypes @ FDR 0.05: 2032
  * min p-value threshold @ FDR 0.05: 0.00964312
[Sep 11 17:36:56] Finished mapping
