[Sep 12 07:59:58] Running TensorQTL: cis-QTL mapping
  * WARNING: using CPU!
  * reading phenotypes (../results/05TENSORQTL/prep_input/OPC_xue.bed.gz)
  * cis-window detected as position ± 500,000
  * reading covariates (../results/05TENSORQTL/prep_input/OPC_xue_genPC_4_expPC_30_split_covariates.txt)
  * loading genotypes
cis-QTL mapping: empirical p-values for phenotypes
  * 133 samples
  * 12863 phenotypes
  * 36 covariates
  * 5794957 variants
  * cis-window: ±500,000
  * computing permutations
  Time elapsed: 74.99 min
done.
  * writing output
Computing q-values
  * Number of phenotypes tested: 12737
  * Correlation between Beta-approximated and empirical p-values: 0.9998
  * Proportion of significant phenotypes (1-pi0): 0.03
  * QTL phenotypes @ FDR 0.05: 71
  * min p-value threshold @ FDR 0.05: 0.0002893
[Sep 12 09:15:25] Finished mapping
