[Sep 11 22:31:58] Running TensorQTL: cis-QTL mapping
  * WARNING: using CPU!
  * reading phenotypes (../results/05TENSORQTL/prep_input/InN_fujita.bed.gz)
  * cis-window detected as position ± 500,000
  * reading covariates (../results/05TENSORQTL/prep_input/InN_fujita_genPC_4_expPC_10_split_covariates.txt)
  * loading genotypes
cis-QTL mapping: empirical p-values for phenotypes
  * 133 samples
  * 19463 phenotypes
  * 16 covariates
  * 5794957 variants
  * cis-window: ±500,000
  * computing permutations
  Time elapsed: 120.27 min
done.
  * writing output
Computing q-values
  * Number of phenotypes tested: 19316
  * Correlation between Beta-approximated and empirical p-values: 0.9999
  * Proportion of significant phenotypes (1-pi0): 0.24
  * QTL phenotypes @ FDR 0.05: 626
  * min p-value threshold @ FDR 0.05: 0.00213869
[Sep 12 00:32:40] Finished mapping
