[Sep 12 13:18:05] Running TensorQTL: cis-QTL mapping
  * WARNING: using CPU!
  * reading phenotypes (../results/05TENSORQTL/prep_input/Endo-Peri_quantile.bed.gz)
  * cis-window detected as position ± 500,000
  * reading covariates (../results/05TENSORQTL/prep_input/Endo-Peri_quantile_genPC_4_expPC_20_split_covariates.txt)
  * loading genotypes
cis-QTL mapping: empirical p-values for phenotypes
  * 133 samples
  * 19812 phenotypes
  * 26 covariates
  * 5794957 variants
  * cis-window: ±500,000
  * computing permutations
  Time elapsed: 114.41 min
done.
  * writing output
Computing q-values
  * Number of phenotypes tested: 19663
  * Correlation between Beta-approximated and empirical p-values: 0.9999
  * Proportion of significant phenotypes (1-pi0): 0.09
  * QTL phenotypes @ FDR 0.05: 111
  * min p-value threshold @ FDR 0.05: 0.000324901
[Sep 12 15:12:53] Finished mapping
