[Apr 02 17:18:46] Running TensorQTL: cis-QTL mapping
  * WARNING: using CPU!
  * reading phenotypes (../results/03SCANPY/pseudobulk/RG_tmm.bed.gz)
  * cis-window detected as position ± 500,000
  * reading covariates (../results/03SCANPY/pseudobulk/RG_covariates.txt)
  * loading genotypes
cis-QTL mapping: empirical p-values for phenotypes
  * 146 samples
  * 18919 phenotypes
  * 15 covariates
  * 5794957 variants
  * cis-window: ±500,000
  * computing permutations
  Time elapsed: 117.42 min
done.
  * writing output
Computing q-values
  * Number of phenotypes tested: 18742
  * Correlation between Beta-approximated and empirical p-values: 0.9999
  * Proportion of significant phenotypes (1-pi0): 0.35
  * QTL phenotypes @ FDR 0.05: 1561
  * min p-value threshold @ FDR 0.05: 0.00640229
[Apr 02 19:16:39] Finished mapping
