[Sep 11 14:32:00] Running TensorQTL: cis-QTL mapping
  * WARNING: using CPU!
  * reading phenotypes (../results/05TENSORQTL/prep_input/InN_bryois.bed.gz)
  * cis-window detected as position ± 500,000
  * reading covariates (../results/05TENSORQTL/prep_input/InN_bryois_genPC_4_expPC_10_split_covariates.txt)
  * loading genotypes
cis-QTL mapping: empirical p-values for phenotypes
  * 133 samples
  * 16813 phenotypes
  * 16 covariates
  * 5794957 variants
  * cis-window: ±500,000
  * computing permutations
  Time elapsed: 103.74 min
done.
  * writing output
Computing q-values
  * Number of phenotypes tested: 16684
  * Correlation between Beta-approximated and empirical p-values: 0.9999
  * Proportion of significant phenotypes (1-pi0): 0.26
  * QTL phenotypes @ FDR 0.05: 719
  * min p-value threshold @ FDR 0.05: 0.002927
[Sep 11 16:16:09] Finished mapping
