[Sep 12 07:40:59] Running TensorQTL: cis-QTL mapping
  * WARNING: using CPU!
  * reading phenotypes (../results/05TENSORQTL/prep_input/OPC_fujita.bed.gz)
  * cis-window detected as position ± 500,000
  * reading covariates (../results/05TENSORQTL/prep_input/OPC_fujita_genPC_4_expPC_20_split_covariates.txt)
  * loading genotypes
cis-QTL mapping: empirical p-values for phenotypes
  * 133 samples
  * 19814 phenotypes
  * 26 covariates
  * 5794957 variants
  * cis-window: ±500,000
  * computing permutations
  Time elapsed: 123.17 min
done.
  * writing output
Computing q-values
  * Number of phenotypes tested: 19665
  * Correlation between Beta-approximated and empirical p-values: 0.9998
  * Proportion of significant phenotypes (1-pi0): 0.01
  * QTL phenotypes @ FDR 0.05: 91
  * min p-value threshold @ FDR 0.05: 0.000243554
[Sep 12 09:44:32] Finished mapping
