[Apr 02 17:15:11] Running TensorQTL: cis-QTL mapping
  * WARNING: using CPU!
  * reading phenotypes (../results/03SCANPY/pseudobulk/InN-2_tmm.bed.gz)
  * cis-window detected as position ± 500,000
  * reading covariates (../results/03SCANPY/pseudobulk/InN-2_covariates.txt)
  * loading genotypes
cis-QTL mapping: empirical p-values for phenotypes
  * 144 samples
  * 18919 phenotypes
  * 15 covariates
  * 5794957 variants
  * cis-window: ±500,000
  * computing permutations
  Time elapsed: 124.28 min
done.
  * writing output
Computing q-values
  * Number of phenotypes tested: 18742
  * Correlation between Beta-approximated and empirical p-values: 0.9995
  * Proportion of significant phenotypes (1-pi0): 0.17
  * QTL phenotypes @ FDR 0.05: 80
  * min p-value threshold @ FDR 0.05: 0.000269337
[Apr 02 19:19:53] Finished mapping
