

Generating replication plot for the manuscript ...
── Attaching core tidyverse packages ──────────────────────── tidyverse 2.0.0 ──
✔ dplyr     1.1.4     ✔ readr     2.1.5
✔ forcats   1.0.0     ✔ stringr   1.5.2
✔ ggplot2   3.5.2     ✔ tibble    3.3.0
✔ lubridate 1.9.4     ✔ tidyr     1.3.1
✔ purrr     1.1.0     
── Conflicts ────────────────────────────────────────── tidyverse_conflicts() ──
✖ dplyr::filter() masks stats::filter()
✖ dplyr::lag()    masks stats::lag()
ℹ Use the conflicted package (<http://conflicted.r-lib.org/>) to force all conflicts to become errors

Attaching package: ‘cowplot’

The following object is masked from ‘package:lubridate’:

    stamp

Rows: 91681 Columns: 10
── Column specification ────────────────────────────────────────────────────────
Delimiter: "\t"
chr (6): chromosome_name, gene_biotype, hgnc_symbol, hgnc_id, ensembl_gene_i...
dbl (4): start_position, end_position, entrezgene_id, strand

ℹ Use `spec()` to retrieve the full column specification for this data.
ℹ Specify the column types or set `show_col_types = FALSE` to quiet this message.
Storing counts in `nn`, as `n` already present in input
ℹ Use `name = "new_name"` to pick a new name.
`geom_smooth()` using formula = 'y ~ x'
`geom_smooth()` using formula = 'y ~ x'
`geom_smooth()` using formula = 'y ~ x'
