[Sep 12 11:41:58] Running TensorQTL: cis-QTL mapping
  * WARNING: using CPU!
  * reading phenotypes (../results/05TENSORQTL/prep_input/MG_quantile.bed.gz)
  * cis-window detected as position ± 500,000
  * reading covariates (../results/05TENSORQTL/prep_input/MG_quantile_genPC_4_expPC_50_split_covariates.txt)
  * loading genotypes
cis-QTL mapping: empirical p-values for phenotypes
  * 133 samples
  * 19817 phenotypes
  * 56 covariates
  * 5794957 variants
  * cis-window: ±500,000
  * computing permutations
  Time elapsed: 123.63 min
done.
  * writing output
Computing q-values
  * Number of phenotypes tested: 19668
  * Correlation between Beta-approximated and empirical p-values: 0.9998
  * Proportion of significant phenotypes (1-pi0): 0.00
  * QTL phenotypes @ FDR 0.05: 49
  * min p-value threshold @ FDR 0.05: 0.000128159
[Sep 12 13:46:01] Finished mapping
