[Sep 12 11:13:04] Running TensorQTL: cis-QTL mapping
  * WARNING: using CPU!
  * reading phenotypes (../results/05TENSORQTL/prep_input/InN_fujita.bed.gz)
  * cis-window detected as position ± 500,000
  * reading covariates (../results/05TENSORQTL/prep_input/InN_fujita_genPC_4_expPC_20_split_covariates.txt)
  * loading genotypes
cis-QTL mapping: empirical p-values for phenotypes
  * 133 samples
  * 19463 phenotypes
  * 26 covariates
  * 5794957 variants
  * cis-window: ±500,000
  * computing permutations
  Time elapsed: 112.88 min
done.
  * writing output
Computing q-values
  * Number of phenotypes tested: 19316
  * Correlation between Beta-approximated and empirical p-values: 0.9999
  * Proportion of significant phenotypes (1-pi0): 0.26
  * QTL phenotypes @ FDR 0.05: 780
  * min p-value threshold @ FDR 0.05: 0.0027421
[Sep 12 13:06:22] Finished mapping
