[Aug 31 01:42:03] Running TensorQTL: cis-QTL mapping
  * WARNING: using CPU!
  * reading phenotypes (../results/05TENSORQTL/prep_input/Endo-Peri_tmm.bed.gz)
  * cis-window detected as position ± 500,000
  * reading covariates (../results/05TENSORQTL/prep_input/Endo-Peri_genPC_4_expPC_40_split_covariates.txt)
  * loading genotypes
cis-QTL mapping: empirical p-values for phenotypes
  * 139 samples
  * 16870 phenotypes
  * 46 covariates
  * 5794957 variants
  * cis-window: ±500,000
  * computing permutations
  Time elapsed: 98.23 min
done.
  * writing output
Computing q-values
  * Number of phenotypes tested: 16753
  * Correlation between Beta-approximated and empirical p-values: 0.9999
  * Proportion of significant phenotypes (1-pi0): 0.00
  * QTL phenotypes @ FDR 0.05: 62
  * min p-value threshold @ FDR 0.05: 0.00019104
[Aug 31 03:20:41] Finished mapping
