[Sep 11 17:48:54] Running TensorQTL: cis-QTL mapping
  * WARNING: using CPU!
  * reading phenotypes (../results/05TENSORQTL/prep_input/ExN-DL_bryois.bed.gz)
  * cis-window detected as position ± 500,000
  * reading covariates (../results/05TENSORQTL/prep_input/ExN-DL_bryois_genPC_4_expPC_30_split_covariates.txt)
  * loading genotypes
cis-QTL mapping: empirical p-values for phenotypes
  * 133 samples
  * 16455 phenotypes
  * 36 covariates
  * 5794957 variants
  * cis-window: ±500,000
  * computing permutations
  Time elapsed: 96.92 min
done.
  * writing output
Computing q-values
  * Number of phenotypes tested: 16332
  * Correlation between Beta-approximated and empirical p-values: 0.9999
  * Proportion of significant phenotypes (1-pi0): 0.39
  * QTL phenotypes @ FDR 0.05: 1772
  * min p-value threshold @ FDR 0.05: 0.00895508
[Sep 11 19:26:10] Finished mapping
