[Sep 11 18:00:54] Running TensorQTL: cis-QTL mapping
  * WARNING: using CPU!
  * reading phenotypes (../results/05TENSORQTL/prep_input/RG_quantile.bed.gz)
  * cis-window detected as position ± 500,000
  * reading covariates (../results/05TENSORQTL/prep_input/RG_quantile_genPC_4_expPC_10_split_covariates.txt)
  * loading genotypes
cis-QTL mapping: empirical p-values for phenotypes
  * 133 samples
  * 18553 phenotypes
  * 16 covariates
  * 5794957 variants
  * cis-window: ±500,000
  * computing permutations
  Time elapsed: 107.79 min
done.
  * writing output
Computing q-values
  * Number of phenotypes tested: 18417
  * Correlation between Beta-approximated and empirical p-values: 0.9999
  * Proportion of significant phenotypes (1-pi0): 0.33
  * QTL phenotypes @ FDR 0.05: 1548
  * min p-value threshold @ FDR 0.05: 0.00627133
[Sep 11 19:49:03] Finished mapping
