[Sep 01 16:40:15] Running TensorQTL: cis-QTL mapping
  * WARNING: using CPU!
  * reading phenotypes (../results/05TENSORQTL/prep_input/ExN-UL_tmm.bed.gz)
  * cis-window detected as position ± 500,000
  * reading covariates (../results/05TENSORQTL/prep_input/ExN-UL_genPC_4_expPC_50_split_covariates.txt)
  * loading genotypes
cis-QTL mapping: empirical p-values for phenotypes
  * 139 samples
  * 16253 phenotypes
  * 56 covariates
  * 5794957 variants
  * cis-window: ±500,000
  * computing permutations
  Time elapsed: 98.57 min
done.
  * writing output
Computing q-values
  * Number of phenotypes tested: 16133
  * Correlation between Beta-approximated and empirical p-values: 0.9999
  * Proportion of significant phenotypes (1-pi0): 0.41
  * QTL phenotypes @ FDR 0.05: 1684
  * min p-value threshold @ FDR 0.05: 0.00889013
[Sep 01 18:19:15] Finished mapping
