[Sep 01 18:31:32] Running TensorQTL: cis-QTL mapping
  * WARNING: using CPU!
  * reading phenotypes (../results/05TENSORQTL/prep_input/ExN-DL_tmm.bed.gz)
  * cis-window detected as position ± 500,000
  * reading covariates (../results/05TENSORQTL/prep_input/ExN-DL_genPC_4_expPC_10_split_covariates.txt)
  * loading genotypes
cis-QTL mapping: empirical p-values for phenotypes
  * 139 samples
  * 16989 phenotypes
  * 16 covariates
  * 5794957 variants
  * cis-window: ±500,000
  * computing permutations
  Time elapsed: 98.84 min
done.
  * writing output
Computing q-values
  * Number of phenotypes tested: 16864
  * Correlation between Beta-approximated and empirical p-values: 0.9999
  * Proportion of significant phenotypes (1-pi0): 0.37
  * QTL phenotypes @ FDR 0.05: 1320
  * min p-value threshold @ FDR 0.05: 0.00623183
[Sep 01 20:10:44] Finished mapping
