[May 30 08:55:50] Running TensorQTL: cis-QTL mapping
  * WARNING: using CPU!
  * reading phenotypes (../results/03SCANPY/pseudobulk/Endo-Peri_tmm.bed.gz)
  * cis-window detected as position ± 500,000
  * reading covariates (../results/03SCANPY/pseudobulk/Endo-Peri_covariates.txt)
  * loading genotypes
cis-QTL mapping: empirical p-values for phenotypes
  * 144 samples
  * 18408 phenotypes
  * 15 covariates
  * 5794957 variants
  * cis-window: ±500,000
  * computing permutations
  Time elapsed: 108.20 min
done.
  * writing output
Computing q-values
  * Number of phenotypes tested: 18236
  * Correlation between Beta-approximated and empirical p-values: 0.9999
  * Proportion of significant phenotypes (1-pi0): 0.03
  * QTL phenotypes @ FDR 0.05: 79
  * min p-value threshold @ FDR 0.05: 0.000233096
[May 30 10:44:24] Finished mapping
