[Sep 11 20:32:33] Running TensorQTL: cis-QTL mapping
  * WARNING: using CPU!
  * reading phenotypes (../results/05TENSORQTL/prep_input/RG_fujita.bed.gz)
  * cis-window detected as position ± 500,000
  * reading covariates (../results/05TENSORQTL/prep_input/RG_fujita_genPC_4_expPC_50_split_covariates.txt)
  * loading genotypes
cis-QTL mapping: empirical p-values for phenotypes
  * 133 samples
  * 18553 phenotypes
  * 56 covariates
  * 5794957 variants
  * cis-window: ±500,000
  * computing permutations
  Time elapsed: 115.72 min
done.
  * writing output
Computing q-values
  * Number of phenotypes tested: 18417
  * Correlation between Beta-approximated and empirical p-values: 0.9999
  * Proportion of significant phenotypes (1-pi0): 0.33
  * QTL phenotypes @ FDR 0.05: 1715
  * min p-value threshold @ FDR 0.05: 0.0069536
[Sep 11 22:28:42] Finished mapping
