[Sep 12 12:08:03] Running TensorQTL: cis-QTL mapping
  * WARNING: using CPU!
  * reading phenotypes (../results/05TENSORQTL/prep_input/Endo-Peri_bryois.bed.gz)
  * cis-window detected as position ± 500,000
  * reading covariates (../results/05TENSORQTL/prep_input/Endo-Peri_bryois_genPC_4_expPC_50_split_covariates.txt)
  * loading genotypes
cis-QTL mapping: empirical p-values for phenotypes
  * 133 samples
  * 17484 phenotypes
  * 56 covariates
  * 5794957 variants
  * cis-window: ±500,000
  * computing permutations
  Time elapsed: 108.98 min
done.
  * writing output
Computing q-values
  * Number of phenotypes tested: 17361
  * Correlation between Beta-approximated and empirical p-values: 0.9999
  * Proportion of significant phenotypes (1-pi0): 0.10
  * QTL phenotypes @ FDR 0.05: 98
  * min p-value threshold @ FDR 0.05: 0.000311379
[Sep 12 13:57:26] Finished mapping
