[Sep 12 04:22:19] Running TensorQTL: cis-QTL mapping
  * WARNING: using CPU!
  * reading phenotypes (../results/05TENSORQTL/prep_input/RG_quantile.bed.gz)
  * cis-window detected as position ± 500,000
  * reading covariates (../results/05TENSORQTL/prep_input/RG_quantile_genPC_4_expPC_30_split_covariates.txt)
  * loading genotypes
cis-QTL mapping: empirical p-values for phenotypes
  * 133 samples
  * 18553 phenotypes
  * 36 covariates
  * 5794957 variants
  * cis-window: ±500,000
  * computing permutations
  Time elapsed: 114.09 min
done.
  * writing output
Computing q-values
  * Number of phenotypes tested: 18417
  * Correlation between Beta-approximated and empirical p-values: 0.9999
  * Proportion of significant phenotypes (1-pi0): 0.34
  * QTL phenotypes @ FDR 0.05: 1862
  * min p-value threshold @ FDR 0.05: 0.00760637
[Sep 12 06:16:53] Finished mapping
