[Sep 11 14:27:02] Running TensorQTL: cis-QTL mapping
  * WARNING: using CPU!
  * reading phenotypes (../results/05TENSORQTL/prep_input/RG_fujita.bed.gz)
  * cis-window detected as position ± 500,000
  * reading covariates (../results/05TENSORQTL/prep_input/RG_fujita_genPC_4_expPC_10_split_covariates.txt)
  * loading genotypes
cis-QTL mapping: empirical p-values for phenotypes
  * 133 samples
  * 18553 phenotypes
  * 16 covariates
  * 5794957 variants
  * cis-window: ±500,000
  * computing permutations
  Time elapsed: 108.21 min
done.
  * writing output
Computing q-values
  * Number of phenotypes tested: 18417
  * Correlation between Beta-approximated and empirical p-values: 0.9999
  * Proportion of significant phenotypes (1-pi0): 0.29
  * QTL phenotypes @ FDR 0.05: 1430
  * min p-value threshold @ FDR 0.05: 0.00549806
[Sep 11 16:15:39] Finished mapping
