[Sep 12 07:35:53] Running TensorQTL: cis-QTL mapping
  * WARNING: using CPU!
  * reading phenotypes (../results/05TENSORQTL/prep_input/InN_bryois.bed.gz)
  * cis-window detected as position ± 500,000
  * reading covariates (../results/05TENSORQTL/prep_input/InN_bryois_genPC_4_expPC_20_split_covariates.txt)
  * loading genotypes
cis-QTL mapping: empirical p-values for phenotypes
  * 133 samples
  * 16813 phenotypes
  * 26 covariates
  * 5794957 variants
  * cis-window: ±500,000
  * computing permutations
  Time elapsed: 104.02 min
done.
  * writing output
Computing q-values
  * Number of phenotypes tested: 16684
  * Correlation between Beta-approximated and empirical p-values: 0.9999
  * Proportion of significant phenotypes (1-pi0): 0.27
  * QTL phenotypes @ FDR 0.05: 846
  * min p-value threshold @ FDR 0.05: 0.00349605
[Sep 12 09:20:15] Finished mapping
