[Sep 12 01:53:04] Running TensorQTL: cis-QTL mapping
  * WARNING: using CPU!
  * reading phenotypes (../results/05TENSORQTL/prep_input/OPC_bryois.bed.gz)
  * cis-window detected as position ± 500,000
  * reading covariates (../results/05TENSORQTL/prep_input/OPC_bryois_genPC_4_expPC_40_split_covariates.txt)
  * loading genotypes
cis-QTL mapping: empirical p-values for phenotypes
  * 133 samples
  * 16606 phenotypes
  * 46 covariates
  * 5794957 variants
  * cis-window: ±500,000
  * computing permutations
  Time elapsed: 100.33 min
done.
  * writing output
Computing q-values
  * Number of phenotypes tested: 16482
  * Correlation between Beta-approximated and empirical p-values: 0.9998
  * Proportion of significant phenotypes (1-pi0): 0.02
  * QTL phenotypes @ FDR 0.05: 128
  * min p-value threshold @ FDR 0.05: 0.000404432
[Sep 12 03:33:51] Finished mapping
