[Sep 12 14:07:54] Running TensorQTL: cis-QTL mapping
  * WARNING: using CPU!
  * reading phenotypes (../results/05TENSORQTL/prep_input/Endo-Peri_quantile.bed.gz)
  * cis-window detected as position ± 500,000
  * reading covariates (../results/05TENSORQTL/prep_input/Endo-Peri_quantile_genPC_4_expPC_40_split_covariates.txt)
  * loading genotypes
cis-QTL mapping: empirical p-values for phenotypes
  * 133 samples
  * 19812 phenotypes
  * 46 covariates
  * 5794957 variants
  * cis-window: ±500,000
  * computing permutations
  Time elapsed: 123.19 min
done.
  * writing output
Computing q-values
  * Number of phenotypes tested: 19663
  * Correlation between Beta-approximated and empirical p-values: 0.9999
  * Proportion of significant phenotypes (1-pi0): 0.06
  * QTL phenotypes @ FDR 0.05: 90
  * min p-value threshold @ FDR 0.05: 0.000228458
[Sep 12 16:11:32] Finished mapping
