[Sep 12 01:23:00] Running TensorQTL: cis-QTL mapping
  * WARNING: using CPU!
  * reading phenotypes (../results/05TENSORQTL/prep_input/ExN-UL_xue.bed.gz)
  * cis-window detected as position ± 500,000
  * reading covariates (../results/05TENSORQTL/prep_input/ExN-UL_xue_genPC_4_expPC_20_split_covariates.txt)
  * loading genotypes
cis-QTL mapping: empirical p-values for phenotypes
  * 133 samples
  * 12924 phenotypes
  * 26 covariates
  * 5794957 variants
  * cis-window: ±500,000
  * computing permutations
  Time elapsed: 80.00 min
done.
  * writing output
Computing q-values
  * Number of phenotypes tested: 12804
  * Correlation between Beta-approximated and empirical p-values: 0.9999
  * Proportion of significant phenotypes (1-pi0): 0.37
  * QTL phenotypes @ FDR 0.05: 1198
  * min p-value threshold @ FDR 0.05: 0.00745881
[Sep 12 02:43:23] Finished mapping
