[Aug 30 21:59:27] Running TensorQTL: cis-QTL mapping
  * WARNING: using CPU!
  * reading phenotypes (../results/05TENSORQTL/prep_input/RG_tmm.bed.gz)
  * cis-window detected as position ± 500,000
  * reading covariates (../results/05TENSORQTL/prep_input/RG_genPC_4_expPC_40_split_covariates.txt)
  * loading genotypes
cis-QTL mapping: empirical p-values for phenotypes
  * 139 samples
  * 16753 phenotypes
  * 46 covariates
  * 5794957 variants
  * cis-window: ±500,000
  * computing permutations
  Time elapsed: 103.69 min
done.
  * writing output
Computing q-values
  * Number of phenotypes tested: 16632
  * Correlation between Beta-approximated and empirical p-values: 0.9999
  * Proportion of significant phenotypes (1-pi0): 0.29
  * QTL phenotypes @ FDR 0.05: 1190
  * min p-value threshold @ FDR 0.05: 0.00507116
[Aug 30 23:43:34] Finished mapping
