[Sep 12 10:49:07] Running TensorQTL: cis-QTL mapping
  * WARNING: using CPU!
  * reading phenotypes (../results/05TENSORQTL/prep_input/InN_fujita.bed.gz)
  * cis-window detected as position ± 500,000
  * reading covariates (../results/05TENSORQTL/prep_input/InN_fujita_genPC_4_expPC_40_split_covariates.txt)
  * loading genotypes
cis-QTL mapping: empirical p-values for phenotypes
  * 133 samples
  * 19463 phenotypes
  * 46 covariates
  * 5794957 variants
  * cis-window: ±500,000
  * computing permutations
  Time elapsed: 119.93 min
done.
  * writing output
Computing q-values
  * Number of phenotypes tested: 19316
  * Correlation between Beta-approximated and empirical p-values: 0.9999
  * Proportion of significant phenotypes (1-pi0): 0.21
  * QTL phenotypes @ FDR 0.05: 908
  * min p-value threshold @ FDR 0.05: 0.00299381
[Sep 12 12:49:31] Finished mapping
