[Sep 11 19:49:02] Running TensorQTL: cis-QTL mapping
  * WARNING: using CPU!
  * reading phenotypes (../results/05TENSORQTL/prep_input/ExN-UL_quantile.bed.gz)
  * cis-window detected as position ± 500,000
  * reading covariates (../results/05TENSORQTL/prep_input/ExN-UL_quantile_genPC_4_expPC_30_split_covariates.txt)
  * loading genotypes
cis-QTL mapping: empirical p-values for phenotypes
  * 133 samples
  * 17376 phenotypes
  * 36 covariates
  * 5794957 variants
  * cis-window: ±500,000
  * computing permutations
  Time elapsed: 104.06 min
done.
  * writing output
Computing q-values
  * Number of phenotypes tested: 17248
  * Correlation between Beta-approximated and empirical p-values: 0.9999
  * Proportion of significant phenotypes (1-pi0): 0.40
  * QTL phenotypes @ FDR 0.05: 1933
  * min p-value threshold @ FDR 0.05: 0.0093818
[Sep 11 21:33:34] Finished mapping
