[Aug 30 23:47:21] Running TensorQTL: cis-QTL mapping
  * WARNING: using CPU!
  * reading phenotypes (../results/05TENSORQTL/prep_input/OPC_tmm.bed.gz)
  * cis-window detected as position ± 500,000
  * reading covariates (../results/05TENSORQTL/prep_input/OPC_genPC_4_expPC_50_split_covariates.txt)
  * loading genotypes
cis-QTL mapping: empirical p-values for phenotypes
  * 139 samples
  * 16389 phenotypes
  * 56 covariates
  * 5794957 variants
  * cis-window: ±500,000
  * computing permutations
  Time elapsed: 102.10 min
done.
  * writing output
Computing q-values
  * Number of phenotypes tested: 16267
  * Correlation between Beta-approximated and empirical p-values: 0.9997
  * Proportion of significant phenotypes (1-pi0): 0.01
  * QTL phenotypes @ FDR 0.05: 74
  * min p-value threshold @ FDR 0.05: 0.000252837
[Aug 31 01:29:51] Finished mapping
